<?xml version="1.0" encoding="UTF-8"?>
<!-- Generated by org.testng.reporters.JUnitReportReporter -->
<testsuite hostname="DESKTOP-C6FCAML" failures="0" tests="3" name="cucumberOptions.TestNGTestRunner" time="0.288" errors="0" timestamp="2024-01-21T19:28:04 IST" skipped="0">
  <testcase classname="cucumberOptions.TestNGTestRunner" name="runScenario" time="0.007"/>
  <testcase classname="cucumberOptions.TestNGTestRunner" name="runScenario" time="0.010"/>
  <testcase classname="cucumberOptions.TestNGTestRunner" name="runScenario" time="0.271"/>
</testsuite> <!-- cucumberOptions.TestNGTestRunner -->
